<?xml version="1.0" encoding="UTF-8"?>
<testng-results ignored="0" total="2" passed="2" failed="0" skipped="0">
  <reporter-output>
  </reporter-output>
  <suite started-at="2024-06-04T23:49:00 CST" name="Suite" finished-at="2024-06-04T23:49:14 CST" duration-ms="13621">
    <groups>
      <group name="regression">
        <method signature="TC_001_AccountRegistrationTest.verify_account_registration()[pri:0, instance:testCases.TC_001_AccountRegistrationTest@3febb011]" name="verify_account_registration" class="testCases.TC_001_AccountRegistrationTest"/>
      </group> <!-- regression -->
      <group name="sanity">
        <method signature="TC_002_LoginTest.verify_login()[pri:0, instance:testCases.TC_002_LoginTest@57a3af25]" name="verify_login" class="testCases.TC_002_LoginTest"/>
      </group> <!-- sanity -->
      <group name="master">
        <method signature="TC_001_AccountRegistrationTest.verify_account_registration()[pri:0, instance:testCases.TC_001_AccountRegistrationTest@3febb011]" name="verify_account_registration" class="testCases.TC_001_AccountRegistrationTest"/>
        <method signature="TC_002_LoginTest.verify_login()[pri:0, instance:testCases.TC_002_LoginTest@57a3af25]" name="verify_login" class="testCases.TC_002_LoginTest"/>
      </group> <!-- master -->
    </groups>
    <test started-at="2024-06-04T23:49:00 CST" name="Test" finished-at="2024-06-04T23:49:14 CST" duration-ms="13621">
      <class name="testCases.TC_001_AccountRegistrationTest">
        <test-method is-config="true" signature="setup(java.lang.String,java.lang.String)[pri:0, instance:testCases.TC_001_AccountRegistrationTest@3febb011]" started-at="2024-06-04T23:49:01 CST" name="setup" finished-at="2024-06-04T23:49:06 CST" duration-ms="5119" status="PASS">
          <params>
            <param index="0">
              <value>
                <![CDATA[Windows]]>
              </value>
            </param>
            <param index="1">
              <value>
                <![CDATA[chrome]]>
              </value>
            </param>
          </params>
          <reporter-output>
          </reporter-output>
        </test-method> <!-- setup -->
        <test-method signature="verify_account_registration()[pri:0, instance:testCases.TC_001_AccountRegistrationTest@3febb011]" started-at="2024-06-04T23:49:06 CST" name="verify_account_registration" finished-at="2024-06-04T23:49:08 CST" duration-ms="2219" status="PASS">
          <reporter-output>
          </reporter-output>
        </test-method> <!-- verify_account_registration -->
        <test-method is-config="true" signature="tearDown()[pri:0, instance:testCases.TC_001_AccountRegistrationTest@3febb011]" started-at="2024-06-04T23:49:08 CST" name="tearDown" finished-at="2024-06-04T23:49:08 CST" duration-ms="132" status="PASS">
          <reporter-output>
          </reporter-output>
        </test-method> <!-- tearDown -->
      </class> <!-- testCases.TC_001_AccountRegistrationTest -->
      <class name="testCases.TC_002_LoginTest">
        <test-method is-config="true" signature="setup(java.lang.String,java.lang.String)[pri:0, instance:testCases.TC_002_LoginTest@57a3af25]" started-at="2024-06-04T23:49:08 CST" name="setup" finished-at="2024-06-04T23:49:13 CST" duration-ms="4480" status="PASS">
          <params>
            <param index="0">
              <value>
                <![CDATA[Windows]]>
              </value>
            </param>
            <param index="1">
              <value>
                <![CDATA[chrome]]>
              </value>
            </param>
          </params>
          <reporter-output>
          </reporter-output>
        </test-method> <!-- setup -->
        <test-method signature="verify_login()[pri:0, instance:testCases.TC_002_LoginTest@57a3af25]" started-at="2024-06-04T23:49:13 CST" name="verify_login" finished-at="2024-06-04T23:49:14 CST" duration-ms="1404" status="PASS">
          <reporter-output>
          </reporter-output>
        </test-method> <!-- verify_login -->
        <test-method is-config="true" signature="tearDown()[pri:0, instance:testCases.TC_002_LoginTest@57a3af25]" started-at="2024-06-04T23:49:14 CST" name="tearDown" finished-at="2024-06-04T23:49:14 CST" duration-ms="106" status="PASS">
          <reporter-output>
          </reporter-output>
        </test-method> <!-- tearDown -->
      </class> <!-- testCases.TC_002_LoginTest -->
    </test> <!-- Test -->
  </suite> <!-- Suite -->
</testng-results>
